unkn_x : speaker_ID : utterance_ID
unkn_1.mfcc : MMRP0: MPGR0: MJEB1
unkn_10.mfcc : MKLS0: MKLW0: MRDD0
unkn_11.mfcc : FETB0: FDML0: FECD0
unkn_12.mfcc : FMEM0: MTJS0: FVFB0
unkn_13.mfcc : FCJF0: FSMA0: FDML0
unkn_14.mfcc : MWAR0: MKLW0: MRDD0
unkn_15.mfcc : MTJS0: MMRP0: MPGR0
unkn_16.mfcc : MJEB1: MRCG0: MDAC0
unkn_17.mfcc : FKFB0: FTBR0: FECD0
unkn_18.mfcc : FSMA0: FVFB0: FCJF0
unkn_19.mfcc : MPGR0: MRWS0: MJEB1
unkn_2.mfcc : MPGH0: MDPK0: MKLW0
unkn_20.mfcc : MTRR0: MCPM0: MKLW0
unkn_21.mfcc : MDPK0: MDAC0: MJEB1
unkn_22.mfcc : FDML0: FSMA0: FECD0
unkn_23.mfcc : FVMH0: FECD0: MRCG0
unkn_24.mfcc : MJWT0: MJEB1: MDAC0
unkn_25.mfcc : FECD0: FSAH0: FKFB0
unkn_26.mfcc : MRCG0: MJEB1: FJSP0
unkn_27.mfcc : FTBR0: FVFB0: FKFB0
unkn_28.mfcc : MCPM0: MTRR0: MKLW0
unkn_29.mfcc : MDAC0: MJEB1: MRWS0
unkn_3.mfcc : MKLW0: MWAR0: MDPK0
unkn_30.mfcc : MRWS0: MDPK0: MMRP0
unkn_4.mfcc : FSAH0: FTBR0: FVFB0
unkn_5.mfcc : FVFB0: FKFB0: FSAH0
unkn_6.mfcc : FJSP0: FECD0: FSAH0
unkn_7.mfcc : MTPF0: MTRR0: MDAC0
unkn_8.mfcc : MRDD0: MKLW0: MWAR0
unkn_9.mfcc : MRSO0: MTRR0: MKLW0
